Using pre-set license
Built from '2022.3/staging' branch; Version is '2022.3.24f1 (334eb2a0b267) revision 3362482'; Using compiler version '192829333'; Build Type 'Release'
OS: 'Windows 10  (10.0.19045) 64bit Professional' Language: 'ko' Physical Memory: 32712 MB
BatchMode: 1, IsHumanControllingUs: 0, StartBugReporterOnCrash: 0, Is64bit: 1, IsPro: 1

COMMAND LINE ARGUMENTS:
C:\Program Files\Unity\Hub\Editor\2022.3.24f1\Editor\Unity.exe
-adb2
-batchMode
-noUpm
-name
AssetImportWorker0
-projectPath
C:/UnityProject/HighCore/MainGame
-logFile
Logs/AssetImportWorker0.log
-srvPort
62377
Successfully changed project path to: C:/UnityProject/HighCore/MainGame
C:/UnityProject/HighCore/MainGame
[UnityMemory] Configuration Parameters - Can be set up in boot.config
    "memorysetup-bucket-allocator-granularity=16"
    "memorysetup-bucket-allocator-bucket-count=8"
    "memorysetup-bucket-allocator-block-size=33554432"
    "memorysetup-bucket-allocator-block-count=8"
    "memorysetup-main-allocator-block-size=16777216"
    "memorysetup-thread-allocator-block-size=16777216"
    "memorysetup-gfx-main-allocator-block-size=16777216"
    "memorysetup-gfx-thread-allocator-block-size=16777216"
    "memorysetup-cache-allocator-block-size=4194304"
    "memorysetup-typetree-allocator-block-size=2097152"
    "memorysetup-profiler-bucket-allocator-granularity=16"
    "memorysetup-profiler-bucket-allocator-bucket-count=8"
    "memorysetup-profiler-bucket-allocator-block-size=33554432"
    "memorysetup-profiler-bucket-allocator-block-count=8"
    "memorysetup-profiler-allocator-block-size=16777216"
    "memorysetup-profiler-editor-allocator-block-size=1048576"
    "memorysetup-temp-allocator-size-main=16777216"
    "memorysetup-job-temp-allocator-block-size=2097152"
    "memorysetup-job-temp-allocator-block-size-background=1048576"
    "memorysetup-job-temp-allocator-reduction-small-platforms=262144"
    "memorysetup-allocator-temp-initial-block-size-main=262144"
    "memorysetup-allocator-temp-initial-block-size-worker=262144"
    "memorysetup-temp-allocator-size-background-worker=32768"
    "memorysetup-temp-allocator-size-job-worker=262144"
    "memorysetup-temp-allocator-size-preload-manager=33554432"
    "memorysetup-temp-allocator-size-nav-mesh-worker=65536"
    "memorysetup-temp-allocator-size-audio-worker=65536"
    "memorysetup-temp-allocator-size-cloud-worker=32768"
    "memorysetup-temp-allocator-size-gi-baking-worker=262144"
    "memorysetup-temp-allocator-size-gfx=262144"
Player connection [15604] Host "[IP] 172.30.1.93 [Port] 0 [Flags] 2 [Guid] 910401429 [EditorId] 910401429 [Version] 1048832 [Id] WindowsEditor(7,DESKTOP-3K1RF2H) [Debug] 1 [PackageName] WindowsEditor [ProjectName] Editor" joined multi-casting on [225.0.0.222:54997]...

Player connection [15604] Host "[IP] 172.30.1.93 [Port] 0 [Flags] 2 [Guid] 910401429 [EditorId] 910401429 [Version] 1048832 [Id] WindowsEditor(7,DESKTOP-3K1RF2H) [Debug] 1 [PackageName] WindowsEditor [ProjectName] Editor" joined alternative multi-casting on [225.0.0.222:34997]...

[Physics::Module] Initialized MultithreadedJobDispatcher with 15 workers.
Refreshing native plugins compatible for Editor in 15.90 ms, found 3 plugins.
Preloading 0 native plugins for Editor in 0.00 ms.
Initialize engine version: 2022.3.24f1 (334eb2a0b267)
[Subsystems] Discovering subsystems at path C:/Program Files/Unity/Hub/Editor/2022.3.24f1/Editor/Data/Resources/UnitySubsystems
[Subsystems] Discovering subsystems at path C:/UnityProject/HighCore/MainGame/Assets
GfxDevice: creating device client; threaded=0; jobified=0
Direct3D:
    Version:  Direct3D 11.0 [level 11.1]
    Renderer: AMD Radeon RX 7800 XT (ID=0x747e)
    Vendor:   ATI
    VRAM:     16368 MB
    Driver:   32.0.22029.9039
Initialize mono
Mono path[0] = 'C:/Program Files/Unity/Hub/Editor/2022.3.24f1/Editor/Data/Managed'
Mono path[1] = 'C:/Program Files/Unity/Hub/Editor/2022.3.24f1/Editor/Data/MonoBleedingEdge/lib/mono/unityjit-win32'
Mono config path = 'C:/Program Files/Unity/Hub/Editor/2022.3.24f1/Editor/Data/MonoBleedingEdge/etc'
Using monoOptions --debugger-agent=transport=dt_socket,embedding=1,server=y,suspend=n,address=127.0.0.1:56716
Begin MonoManager ReloadAssembly
Registering precompiled unity dll's ...
Register platform support module: C:/Program Files/Unity/Hub/Editor/2022.3.24f1/Editor/Data/PlaybackEngines/WindowsStandaloneSupport/UnityEditor.WindowsStandalone.Extensions.dll
Register platform support module: C:/Program Files/Unity/Hub/Editor/2022.3.24f1/Editor/Data/PlaybackEngines/LinuxStandaloneSupport/UnityEditor.LinuxStandalone.Extensions.dll
Registered in 0.012723 seconds.
- Loaded All Assemblies, in  0.333 seconds
Native extension for LinuxStandalone target not found
Native extension for WindowsStandalone target not found
Mono: successfully reloaded assembly
- Finished resetting the current domain, in  0.250 seconds
Domain Reload Profiling: 581ms
	BeginReloadAssembly (113ms)
		ExecutionOrderSort (0ms)
		DisableScriptedObjects (0ms)
		BackupInstance (0ms)
		ReleaseScriptingObjects (0ms)
		CreateAndSetChildDomain (1ms)
	RebuildCommonClasses (27ms)
	RebuildNativeTypeToScriptingClass (8ms)
	initialDomainReloadingComplete (60ms)
	LoadAllAssembliesAndSetupDomain (122ms)
		LoadAssemblies (111ms)
		RebuildTransferFunctionScriptingTraits (0ms)
		AnalyzeDomain (120ms)
			TypeCache.Refresh (119ms)
				TypeCache.ScanAssembly (106ms)
			ScanForSourceGeneratedMonoScriptInfo (0ms)
			ResolveRequiredComponents (0ms)
	FinalizeReload (250ms)
		ReleaseScriptCaches (0ms)
		RebuildScriptCaches (0ms)
		SetupLoadedEditorAssemblies (205ms)
			LogAssemblyErrors (0ms)
			InitializePlatformSupportModulesInManaged (18ms)
			SetLoadedEditorAssemblies (6ms)
			RefreshPlugins (0ms)
			BeforeProcessingInitializeOnLoad (2ms)
			ProcessInitializeOnLoadAttributes (136ms)
			ProcessInitializeOnLoadMethodAttributes (43ms)
			AfterProcessingInitializeOnLoad (0ms)
			EditorAssembliesLoaded (0ms)
		ExecutionOrderSort2 (0ms)
		AwakeInstancesAfterBackupRestoration (0ms)
========================================================================
Worker process is ready to serve import requests
Begin MonoManager ReloadAssembly
Symbol file LoadedFromMemory is not a mono symbol file
- Loaded All Assemblies, in  0.732 seconds
Refreshing native plugins compatible for Editor in 8.24 ms, found 3 plugins.
Native extension for LinuxStandalone target not found
Native extension for WindowsStandalone target not found
Package Manager log level set to [2]
[Package Manager] Server::EnsureServerProcessIsRunning -- launch failed, reason: Unity was launched with the -noUpm command-line argument
[Package Manager] UpmClient::Send -- Unable to send message (not connected to UPM process).
[Package Manager] Cannot connect to Unity Package Manager local server
Mono: successfully reloaded assembly
- Finished resetting the current domain, in  0.528 seconds
Domain Reload Profiling: 1253ms
	BeginReloadAssembly (151ms)
		ExecutionOrderSort (0ms)
		DisableScriptedObjects (5ms)
		BackupInstance (0ms)
		ReleaseScriptingObjects (0ms)
		CreateAndSetChildDomain (19ms)
	RebuildCommonClasses (34ms)
	RebuildNativeTypeToScriptingClass (10ms)
	initialDomainReloadingComplete (70ms)
	LoadAllAssembliesAndSetupDomain (460ms)
		LoadAssemblies (344ms)
		RebuildTransferFunctionScriptingTraits (0ms)
		AnalyzeDomain (210ms)
			TypeCache.Refresh (180ms)
				TypeCache.ScanAssembly (161ms)
			ScanForSourceGeneratedMonoScriptInfo (23ms)
			ResolveRequiredComponents (6ms)
	FinalizeReload (529ms)
		ReleaseScriptCaches (0ms)
		RebuildScriptCaches (0ms)
		SetupLoadedEditorAssemblies (403ms)
			LogAssemblyErrors (0ms)
			InitializePlatformSupportModulesInManaged (13ms)
			SetLoadedEditorAssemblies (4ms)
			RefreshPlugins (0ms)
			BeforeProcessingInitializeOnLoad (85ms)
			ProcessInitializeOnLoadAttributes (258ms)
			ProcessInitializeOnLoadMethodAttributes (32ms)
			AfterProcessingInitializeOnLoad (10ms)
			EditorAssembliesLoaded (0ms)
		ExecutionOrderSort2 (0ms)
		AwakeInstancesAfterBackupRestoration (5ms)
Launched and connected shader compiler UnityShaderCompiler.exe after 0.05 seconds
Refreshing native plugins compatible for Editor in 6.87 ms, found 3 plugins.
Preloading 0 native plugins for Editor in 0.00 ms.
Unloading 3322 Unused Serialized files (Serialized files now loaded: 0)
Unloading 37 unused Assets / (57.1 KB). Loaded Objects now: 3784.
Memory consumption went from 131.8 MB to 131.7 MB.
Total: 2.721500 ms (FindLiveObjects: 0.182200 ms CreateObjectMapping: 0.090600 ms MarkObjects: 2.363600 ms  DeleteObjects: 0.084600 ms)

AssetImportParameters requested are different than current active one (requested -> active):
  custom:container-demuxer-ogg: 62fdf1f143b41e24485cea50d1cbac27 -> 
  custom:video-decoder-ogg-theora: a1e56fd34408186e4bbccfd4996cb3dc -> 
  custom:framework-win-MediaFoundation: 216162199b28c13a410421893ffa2e32 -> 
  custom:CustomObjectIndexerAttribute: 9a22284fe3817be447336de3de66b15e -> 
  custom:container-demuxer-webm: 4f35f7cbe854078d1ac9338744f61a02 -> 
  custom:container-muxer-webm: aa71ff27fc2769a1b78a27578f13a17b -> 
  custom:video-decoder-webm-vp8: 9c59270c3fd7afecdb556c50c9e8de78 -> 
  custom:SearchIndexIgnoredProperties: e643bd26f0fe6173181afceb89e7c659 -> 
  custom:AudioImporter_EditorPlatform: d09bf68614088b80899f8185d706f6e7 -> 
  custom:video-encoder-webm-vp8: eb34c28f22e8b96e1ab97ce403110664 -> 
  custom:audio-decoder-ogg-vorbis: bf7c407c2cedff20999df2af8eb42d56 -> 
  custom:audio-encoder-webm-vorbis: bf7c407c2cedff20999df2af8eb42d56 -> 
========================================================================
Received Import Request.
  Time since last request: 1302120.485412 seconds.
  path: Assets/Animator/TestWindow
  artifactKey: Guid(f7b222f1d8c40bb49a463809df3ae355) Importer(815301076,1909f56bfc062723c751e8b465ee728b)
Start importing Assets/Animator/TestWindow using Guid(f7b222f1d8c40bb49a463809df3ae355) Importer(815301076,1909f56bfc062723c751e8b465ee728b)  -> (artifact id: 'd237cb8efe8124718c7394259cde07b8') in 0.002200 seconds
Number of updated asset objects reloaded before import = 0
Number of asset objects unloaded after import = 0
========================================================================
Received Import Request.
  Time since last request: 0.545049 seconds.
  path: Assets/JSON/Editor
  artifactKey: Guid(6b700d54458b2824c934e039a95c468c) Importer(815301076,1909f56bfc062723c751e8b465ee728b)
Start importing Assets/JSON/Editor using Guid(6b700d54458b2824c934e039a95c468c) Importer(815301076,1909f56bfc062723c751e8b465ee728b)  -> (artifact id: '94aaf91867c1c90b5ab8d28c67005568') in 0.000419 seconds
Number of updated asset objects reloaded before import = 0
Number of asset objects unloaded after import = 0
========================================================================
Received Import Request.
  Time since last request: 0.353246 seconds.
  path: Assets/JSON/JSONObject.cs
  artifactKey: Guid(f71819923b555d14ab64ae2044718de9) Importer(815301076,1909f56bfc062723c751e8b465ee728b)
Start importing Assets/JSON/JSONObject.cs using Guid(f71819923b555d14ab64ae2044718de9) Importer(815301076,1909f56bfc062723c751e8b465ee728b)  -> (artifact id: '083910c9c583cb6b28cd7e26cb5c7eb8') in 0.000482 seconds
Number of updated asset objects reloaded before import = 0
Number of asset objects unloaded after import = 0
========================================================================
Received Import Request.
  Time since last request: 0.151573 seconds.
  path: Assets/JSON/LICENSE.md
  artifactKey: Guid(d65b4117f5b5c3341947d0a81786e2cd) Importer(815301076,1909f56bfc062723c751e8b465ee728b)
Start importing Assets/JSON/LICENSE.md using Guid(d65b4117f5b5c3341947d0a81786e2cd) Importer(815301076,1909f56bfc062723c751e8b465ee728b)  -> (artifact id: '83a99ea474a606eb01c8717409e82d44') in 0.008345 seconds
Number of updated asset objects reloaded before import = 0
Number of asset objects unloaded after import = 1
========================================================================
Received Import Request.
  Time since last request: 0.149591 seconds.
  path: Assets/JSON/readme.md
  artifactKey: Guid(80b692916bec1664098283aa4425e4d8) Importer(815301076,1909f56bfc062723c751e8b465ee728b)
Start importing Assets/JSON/readme.md using Guid(80b692916bec1664098283aa4425e4d8) Importer(815301076,1909f56bfc062723c751e8b465ee728b)  -> (artifact id: '791b5465d10f63c51a0774801c0e45a7') in 0.000871 seconds
Number of updated asset objects reloaded before import = 0
Number of asset objects unloaded after import = 1
========================================================================
Received Import Request.
  Time since last request: 0.643593 seconds.
  path: Assets/PlayerAnim
  artifactKey: Guid(e846551200d6e3746a7d49bc46b17136) Importer(815301076,1909f56bfc062723c751e8b465ee728b)
Start importing Assets/PlayerAnim using Guid(e846551200d6e3746a7d49bc46b17136) Importer(815301076,1909f56bfc062723c751e8b465ee728b)  -> (artifact id: '772ee883d22e3d41a5ebd0e5f5f0f062') in 0.000397 seconds
Number of updated asset objects reloaded before import = 0
Number of asset objects unloaded after import = 0
========================================================================
Received Import Request.
  Time since last request: 0.623908 seconds.
  path: Assets/PlayerAnim/Cha_Ani_Airattack
  artifactKey: Guid(dcf3ada5cb03a41479ea6c5028cb944e) Importer(815301076,1909f56bfc062723c751e8b465ee728b)
Start importing Assets/PlayerAnim/Cha_Ani_Airattack using Guid(dcf3ada5cb03a41479ea6c5028cb944e) Importer(815301076,1909f56bfc062723c751e8b465ee728b)  -> (artifact id: 'fec67414921b92493d1595af38f975eb') in 0.000407 seconds
Number of updated asset objects reloaded before import = 0
Number of asset objects unloaded after import = 0
========================================================================
Received Import Request.
  Time since last request: 2.533845 seconds.
  path: Assets/PlayerAnim/Cha_Ani_Airattack/AirAtack.anim
  artifactKey: Guid(0bfe90068423efd4b930dd99517211e3) Importer(815301076,1909f56bfc062723c751e8b465ee728b)
Start importing Assets/PlayerAnim/Cha_Ani_Airattack/AirAtack.anim using Guid(0bfe90068423efd4b930dd99517211e3) Importer(815301076,1909f56bfc062723c751e8b465ee728b)  -> (artifact id: '96ed4c9c652b172fc025f4753bc9da5b') in 0.001088 seconds
Number of updated asset objects reloaded before import = 0
Number of asset objects unloaded after import = 1
========================================================================
Received Import Request.
  Time since last request: 0.382193 seconds.
  path: Assets/PlayerAnim/Cha_Ani_Airattack/AirAttack_0.anim
  artifactKey: Guid(b2efbd3e197e55546afe74aa4791f013) Importer(815301076,1909f56bfc062723c751e8b465ee728b)
Start importing Assets/PlayerAnim/Cha_Ani_Airattack/AirAttack_0.anim using Guid(b2efbd3e197e55546afe74aa4791f013) Importer(815301076,1909f56bfc062723c751e8b465ee728b)  -> (artifact id: '8fcec2d8a00c020f960548edf0838d97') in 0.000975 seconds
Number of updated asset objects reloaded before import = 0
Number of asset objects unloaded after import = 1
========================================================================
Received Import Request.
  Time since last request: 0.147240 seconds.
  path: Assets/PlayerAnim/Cha_Ani_Airattack/AirAttack_1.anim
  artifactKey: Guid(c644722fdbef9c44987a7b15ef7de525) Importer(815301076,1909f56bfc062723c751e8b465ee728b)
Start importing Assets/PlayerAnim/Cha_Ani_Airattack/AirAttack_1.anim using Guid(c644722fdbef9c44987a7b15ef7de525) Importer(815301076,1909f56bfc062723c751e8b465ee728b)  -> (artifact id: '113268d8678b69b215b6ea81507118ee') in 0.000983 seconds
Number of updated asset objects reloaded before import = 0
Number of asset objects unloaded after import = 1
========================================================================
Received Import Request.
  Time since last request: 0.166957 seconds.
  path: Assets/PlayerAnim/Cha_Ani_Airattack/AirAttack_2.anim
  artifactKey: Guid(df10173a1c1d7bc469677048faced6ff) Importer(815301076,1909f56bfc062723c751e8b465ee728b)
Start importing Assets/PlayerAnim/Cha_Ani_Airattack/AirAttack_2.anim using Guid(df10173a1c1d7bc469677048faced6ff) Importer(815301076,1909f56bfc062723c751e8b465ee728b)  -> (artifact id: '15aed16de998229921fd9ed9a9e4a9a8') in 0.000966 seconds
Number of updated asset objects reloaded before import = 0
Number of asset objects unloaded after import = 1
========================================================================
Received Import Request.
  Time since last request: 0.175579 seconds.
  path: Assets/PlayerAnim/Cha_Ani_Airattack/Cha_Ani_Airattack_1.controller
  artifactKey: Guid(caf27feae32d85846b92e68980718663) Importer(815301076,1909f56bfc062723c751e8b465ee728b)
Start importing Assets/PlayerAnim/Cha_Ani_Airattack/Cha_Ani_Airattack_1.controller using Guid(caf27feae32d85846b92e68980718663) Importer(815301076,1909f56bfc062723c751e8b465ee728b)  -> (artifact id: '1b7e281e112287fcd47a97625c477eb6') in 0.001688 seconds
Number of updated asset objects reloaded before import = 0
Number of asset objects unloaded after import = 4
========================================================================
Received Import Request.
  Time since last request: 0.178136 seconds.
  path: Assets/PlayerAnim/Cha_Ani_Airattack/Cha_Ani_Airattack_1.png
  artifactKey: Guid(30f15d89a75b5664b837d1c5c4932c47) Importer(815301076,1909f56bfc062723c751e8b465ee728b)
Start importing Assets/PlayerAnim/Cha_Ani_Airattack/Cha_Ani_Airattack_1.png using Guid(30f15d89a75b5664b837d1c5c4932c47) Importer(815301076,1909f56bfc062723c751e8b465ee728b)  -> (artifact id: 'eba358ce6ab8546a72e0eb8a2dd45902') in 0.077733 seconds
Number of updated asset objects reloaded before import = 0
Number of asset objects unloaded after import = 3
========================================================================
Received Import Request.
  Time since last request: 5.328727 seconds.
  path: Assets/PlayerAnim/Cha_Ani_Airattack/Cha_Ani_Airattack_2.png
  artifactKey: Guid(36dfba3557b7cda4f91616ac32aee69a) Importer(815301076,1909f56bfc062723c751e8b465ee728b)
Start importing Assets/PlayerAnim/Cha_Ani_Airattack/Cha_Ani_Airattack_2.png using Guid(36dfba3557b7cda4f91616ac32aee69a) Importer(815301076,1909f56bfc062723c751e8b465ee728b)  -> (artifact id: '863e277a7c27c9b5d8375ab6f0e1abf6') in 0.023076 seconds
Number of updated asset objects reloaded before import = 0
Number of asset objects unloaded after import = 3
========================================================================
Received Import Request.
  Time since last request: 2.677075 seconds.
  path: Assets/PlayerAnim/Cha_Ani_Airattack/Cha_Ani_Airattack_3.png
  artifactKey: Guid(36397be79f3ffdc458cc635022f832b8) Importer(815301076,1909f56bfc062723c751e8b465ee728b)
Start importing Assets/PlayerAnim/Cha_Ani_Airattack/Cha_Ani_Airattack_3.png using Guid(36397be79f3ffdc458cc635022f832b8) Importer(815301076,1909f56bfc062723c751e8b465ee728b)  -> (artifact id: '1266b8f1fd5f30bf6169e2c82a141484') in 0.013839 seconds
Number of updated asset objects reloaded before import = 0
Number of asset objects unloaded after import = 3
========================================================================
Received Import Request.
  Time since last request: 0.149579 seconds.
  path: Assets/PlayerAnim/Cha_Ani_Airattack/Cha_Ani_Airattack_4.png
  artifactKey: Guid(a834e768e351f9f418b7b7e9631b0ed8) Importer(815301076,1909f56bfc062723c751e8b465ee728b)
Start importing Assets/PlayerAnim/Cha_Ani_Airattack/Cha_Ani_Airattack_4.png using Guid(a834e768e351f9f418b7b7e9631b0ed8) Importer(815301076,1909f56bfc062723c751e8b465ee728b)  -> (artifact id: '4eeba30dea7ed900cd44992ba4e4812b') in 0.013004 seconds
Number of updated asset objects reloaded before import = 0
Number of asset objects unloaded after import = 3
========================================================================
Received Import Request.
  Time since last request: 0.144405 seconds.
  path: Assets/PlayerAnim/Cha_Ani_Airattack/Cha_Ani_Airattack_5.png
  artifactKey: Guid(77d97332434dac84a87b21638d94cffb) Importer(815301076,1909f56bfc062723c751e8b465ee728b)
Start importing Assets/PlayerAnim/Cha_Ani_Airattack/Cha_Ani_Airattack_5.png using Guid(77d97332434dac84a87b21638d94cffb) Importer(815301076,1909f56bfc062723c751e8b465ee728b)  -> (artifact id: '770bdbae33826e614228576545387701') in 0.012896 seconds
Number of updated asset objects reloaded before import = 0
Number of asset objects unloaded after import = 3
========================================================================
Received Import Request.
  Time since last request: 0.152059 seconds.
  path: Assets/PlayerAnim/Cha_Ani_Airattack/Cha_Ani_Airattack_6.png
  artifactKey: Guid(27637446d458c094b8d02989a32dc6e7) Importer(815301076,1909f56bfc062723c751e8b465ee728b)
Start importing Assets/PlayerAnim/Cha_Ani_Airattack/Cha_Ani_Airattack_6.png using Guid(27637446d458c094b8d02989a32dc6e7) Importer(815301076,1909f56bfc062723c751e8b465ee728b)  -> (artifact id: '041414af21add9a0e38c3865152795a3') in 0.022678 seconds
Number of updated asset objects reloaded before import = 0
Number of asset objects unloaded after import = 3
========================================================================
Received Import Request.
  Time since last request: 0.482262 seconds.
  path: Assets/PlayerAnim/Cha_Ani_Airattack/Cha_Ani_Airattack_7.png
  artifactKey: Guid(9d036ee730f66d84e9fbc2cdff24a6db) Importer(815301076,1909f56bfc062723c751e8b465ee728b)
Start importing Assets/PlayerAnim/Cha_Ani_Airattack/Cha_Ani_Airattack_7.png using Guid(9d036ee730f66d84e9fbc2cdff24a6db) Importer(815301076,1909f56bfc062723c751e8b465ee728b)  -> (artifact id: '3f306f582d62674800ff494acc4742da') in 0.014238 seconds
Number of updated asset objects reloaded before import = 0
Number of asset objects unloaded after import = 3
========================================================================
Received Import Request.
  Time since last request: 0.028645 seconds.
  path: Assets/PlayerAnim/Cha_Ani_Airattack/Cha_Ani_Airattack_8.png
  artifactKey: Guid(b75443afe03ce8648ab9c1057d219617) Importer(815301076,1909f56bfc062723c751e8b465ee728b)
Start importing Assets/PlayerAnim/Cha_Ani_Airattack/Cha_Ani_Airattack_8.png using Guid(b75443afe03ce8648ab9c1057d219617) Importer(815301076,1909f56bfc062723c751e8b465ee728b)  -> (artifact id: '5bfc72519c1435c5c00c917d50d919fb') in 0.013792 seconds
Number of updated asset objects reloaded before import = 0
Number of asset objects unloaded after import = 3
========================================================================
Received Import Request.
  Time since last request: 0.029168 seconds.
  path: Assets/PlayerAnim/Cha_Ani_Airattack/Cha_Ani_Airattack_9.png
  artifactKey: Guid(1d348be19e1435744b4f22bfcf41235b) Importer(815301076,1909f56bfc062723c751e8b465ee728b)
Start importing Assets/PlayerAnim/Cha_Ani_Airattack/Cha_Ani_Airattack_9.png using Guid(1d348be19e1435744b4f22bfcf41235b) Importer(815301076,1909f56bfc062723c751e8b465ee728b)  -> (artifact id: '2300aa9cefc379d23b59f043f00494f2') in 0.012861 seconds
Number of updated asset objects reloaded before import = 0
Number of asset objects unloaded after import = 3
========================================================================
Received Import Request.
  Time since last request: 0.027774 seconds.
  path: Assets/PlayerAnim/Cha_Ani_Airattack/Cha_Ani_Airattack_10.png
  artifactKey: Guid(28134af4b5b08a247bd54ab4e75d9c11) Importer(815301076,1909f56bfc062723c751e8b465ee728b)
Start importing Assets/PlayerAnim/Cha_Ani_Airattack/Cha_Ani_Airattack_10.png using Guid(28134af4b5b08a247bd54ab4e75d9c11) Importer(815301076,1909f56bfc062723c751e8b465ee728b)  -> (artifact id: 'd3ae1624a6df369da4474dd31b3d441f') in 0.021366 seconds
Number of updated asset objects reloaded before import = 0
Number of asset objects unloaded after import = 3
========================================================================
Received Import Request.
  Time since last request: 0.017849 seconds.
  path: Assets/PlayerAnim/Cha_Ani_Airattack/Cha_Ani_Airattack_11.png
  artifactKey: Guid(66943f070ac3c194e8aebbde838f3504) Importer(815301076,1909f56bfc062723c751e8b465ee728b)
Start importing Assets/PlayerAnim/Cha_Ani_Airattack/Cha_Ani_Airattack_11.png using Guid(66943f070ac3c194e8aebbde838f3504) Importer(815301076,1909f56bfc062723c751e8b465ee728b)  -> (artifact id: '00ba084a608afd9ae567c67b99e002f0') in 0.011230 seconds
Number of updated asset objects reloaded before import = 0
Number of asset objects unloaded after import = 3
========================================================================
Received Import Request.
  Time since last request: 0.033045 seconds.
  path: Assets/PlayerAnim/Cha_Ani_Airattack/Cha_Ani_Airattack_12.png
  artifactKey: Guid(2a79761f3d884e84c83ce640ed20d490) Importer(815301076,1909f56bfc062723c751e8b465ee728b)
Start importing Assets/PlayerAnim/Cha_Ani_Airattack/Cha_Ani_Airattack_12.png using Guid(2a79761f3d884e84c83ce640ed20d490) Importer(815301076,1909f56bfc062723c751e8b465ee728b)  -> (artifact id: 'ffaf5af062da28c9bd68c35530ec1f65') in 0.011843 seconds
Number of updated asset objects reloaded before import = 0
Number of asset objects unloaded after import = 3
========================================================================
Received Import Request.
  Time since last request: 8.344830 seconds.
  path: Assets/PlayerAnim/PlayerAnim.controller
  artifactKey: Guid(fbaab6c984f28f5498cbe1194cf5346a) Importer(815301076,1909f56bfc062723c751e8b465ee728b)
Start importing Assets/PlayerAnim/PlayerAnim.controller using Guid(fbaab6c984f28f5498cbe1194cf5346a) Importer(815301076,1909f56bfc062723c751e8b465ee728b)  -> (artifact id: '3e9598ca23f0128be42f5d97dba1b5fd') in 0.007496 seconds
Number of updated asset objects reloaded before import = 0
Number of asset objects unloaded after import = 106
========================================================================
Received Import Request.
  Time since last request: 2.938913 seconds.
  path: Assets/PlayerAnim/Cha_Ani_Uppercut
  artifactKey: Guid(80568fb42e8120542acb70fb9b2c929a) Importer(815301076,1909f56bfc062723c751e8b465ee728b)
Start importing Assets/PlayerAnim/Cha_Ani_Uppercut using Guid(80568fb42e8120542acb70fb9b2c929a) Importer(815301076,1909f56bfc062723c751e8b465ee728b)  -> (artifact id: '1f8ac4d304d8745467c9e8feaedad6dc') in 0.000369 seconds
Number of updated asset objects reloaded before import = 0
Number of asset objects unloaded after import = 0
========================================================================
Received Import Request.
  Time since last request: 0.659285 seconds.
  path: Assets/PlayerAnim/Cha_Ani_Uppercut/Cha_Ani_Uppercut_2.png
  artifactKey: Guid(33d18116392183645b19c58fae819db5) Importer(815301076,1909f56bfc062723c751e8b465ee728b)
Start importing Assets/PlayerAnim/Cha_Ani_Uppercut/Cha_Ani_Uppercut_2.png using Guid(33d18116392183645b19c58fae819db5) Importer(815301076,1909f56bfc062723c751e8b465ee728b)  -> (artifact id: '1d077420cbf977411d3e108fc10ee745') in 0.025370 seconds
Number of updated asset objects reloaded before import = 0
Number of asset objects unloaded after import = 3
========================================================================
Received Import Request.
  Time since last request: 0.473844 seconds.
  path: Assets/PlayerAnim/Cha_Ani_Uppercut/UpperCut.anim
  artifactKey: Guid(f58cbc467002bc64ead91c991d141853) Importer(815301076,1909f56bfc062723c751e8b465ee728b)
Start importing Assets/PlayerAnim/Cha_Ani_Uppercut/UpperCut.anim using Guid(f58cbc467002bc64ead91c991d141853) Importer(815301076,1909f56bfc062723c751e8b465ee728b)  -> (artifact id: 'b420936b587380f7faf6861922a7f1f9') in 0.001145 seconds
Number of updated asset objects reloaded before import = 0
Number of asset objects unloaded after import = 1
========================================================================
Received Import Request.
  Time since last request: 1.479310 seconds.
  path: Assets/PlayerAnim/Cha_Ani_Airdeath
  artifactKey: Guid(b945291d39681ab4ca7c693c0cdd86d8) Importer(815301076,1909f56bfc062723c751e8b465ee728b)
Start importing Assets/PlayerAnim/Cha_Ani_Airdeath using Guid(b945291d39681ab4ca7c693c0cdd86d8) Importer(815301076,1909f56bfc062723c751e8b465ee728b)  -> (artifact id: 'f12b4ff8b04d4d43b4173058c082a023') in 0.000452 seconds
Number of updated asset objects reloaded before import = 0
Number of asset objects unloaded after import = 0
========================================================================
Received Import Request.
  Time since last request: 0.690646 seconds.
  path: Assets/PlayerAnim/Cha_Ani_Airdeath/Cha_Ani_Airdeath_2.png
  artifactKey: Guid(dcee002ad6485734fa19cedf57b7e1b0) Importer(815301076,1909f56bfc062723c751e8b465ee728b)
Start importing Assets/PlayerAnim/Cha_Ani_Airdeath/Cha_Ani_Airdeath_2.png using Guid(dcee002ad6485734fa19cedf57b7e1b0) Importer(815301076,1909f56bfc062723c751e8b465ee728b)  -> (artifact id: '054468433598dc919b50d3c4b8d682b6') in 0.014145 seconds
Number of updated asset objects reloaded before import = 0
Number of asset objects unloaded after import = 3
========================================================================
Received Import Request.
  Time since last request: 0.567622 seconds.
  path: Assets/PlayerAnim/Cha_Ani_Airdeath/Cha_Ani_Airdeath_1.png
  artifactKey: Guid(4b34340d25b7e3e4c82380aa71984375) Importer(815301076,1909f56bfc062723c751e8b465ee728b)
Start importing Assets/PlayerAnim/Cha_Ani_Airdeath/Cha_Ani_Airdeath_1.png using Guid(4b34340d25b7e3e4c82380aa71984375) Importer(815301076,1909f56bfc062723c751e8b465ee728b)  -> (artifact id: '4aa1d8e3fd0994b203b6ef1fe52e2d1e') in 0.023836 seconds
Number of updated asset objects reloaded before import = 0
Number of asset objects unloaded after import = 3
========================================================================
Received Import Request.
  Time since last request: 0.653663 seconds.
  path: Assets/PlayerAnim/Cha_Ani_Airdameged
  artifactKey: Guid(08454f39b7502d94b844c16988f1f110) Importer(815301076,1909f56bfc062723c751e8b465ee728b)
Start importing Assets/PlayerAnim/Cha_Ani_Airdameged using Guid(08454f39b7502d94b844c16988f1f110) Importer(815301076,1909f56bfc062723c751e8b465ee728b)  -> (artifact id: '9589a55516629c1f04a49d76fec486b2') in 0.000396 seconds
Number of updated asset objects reloaded before import = 0
Number of asset objects unloaded after import = 0
========================================================================
Received Import Request.
  Time since last request: 0.933961 seconds.
  path: Assets/PlayerAnim/Cha_Ani_Airdameged/AirDemagedEnd.anim
  artifactKey: Guid(6500f82c53dd7934fa4a0b451ee34c81) Importer(815301076,1909f56bfc062723c751e8b465ee728b)
Start importing Assets/PlayerAnim/Cha_Ani_Airdameged/AirDemagedEnd.anim using Guid(6500f82c53dd7934fa4a0b451ee34c81) Importer(815301076,1909f56bfc062723c751e8b465ee728b)  -> (artifact id: 'efecec188562234bda8ca158204dcd80') in 0.001087 seconds
Number of updated asset objects reloaded before import = 0
Number of asset objects unloaded after import = 1
========================================================================
Received Import Request.
  Time since last request: 0.715431 seconds.
  path: Assets/PlayerAnim/Cha_Ani_Airdameged/AirDamegedStart.anim
  artifactKey: Guid(881bf684af8aaf741a66d213b9efb345) Importer(815301076,1909f56bfc062723c751e8b465ee728b)
Start importing Assets/PlayerAnim/Cha_Ani_Airdameged/AirDamegedStart.anim using Guid(881bf684af8aaf741a66d213b9efb345) Importer(815301076,1909f56bfc062723c751e8b465ee728b)  -> (artifact id: '550901155957bb6472a052dc81a1f6f6') in 0.001130 seconds
Number of updated asset objects reloaded before import = 0
Number of asset objects unloaded after import = 1
========================================================================
Received Import Request.
  Time since last request: 0.421030 seconds.
  path: Assets/PlayerAnim/Cha_Ani_Airdameged/AirDamagedMiddle.anim
  artifactKey: Guid(ca3e745c596629949a7ae5772e6a944b) Importer(815301076,1909f56bfc062723c751e8b465ee728b)
Start importing Assets/PlayerAnim/Cha_Ani_Airdameged/AirDamagedMiddle.anim using Guid(ca3e745c596629949a7ae5772e6a944b) Importer(815301076,1909f56bfc062723c751e8b465ee728b)  -> (artifact id: '60cb546a37e52fb27cdaa45a1549727c') in 0.000862 seconds
Number of updated asset objects reloaded before import = 0
Number of asset objects unloaded after import = 1
========================================================================
Received Import Request.
  Time since last request: 2.041343 seconds.
  path: Assets/PlayerAnim/Cha_Ani_Airdameged/Cha_Ani_Airdameged_3.png
  artifactKey: Guid(4819e21b1368a9c488751c9632ba8a96) Importer(815301076,1909f56bfc062723c751e8b465ee728b)
Start importing Assets/PlayerAnim/Cha_Ani_Airdameged/Cha_Ani_Airdameged_3.png using Guid(4819e21b1368a9c488751c9632ba8a96) Importer(815301076,1909f56bfc062723c751e8b465ee728b)  -> (artifact id: 'efead6a7ef0a1b34a4cd6b9dc1acdde5') in 0.016959 seconds
Number of updated asset objects reloaded before import = 0
Number of asset objects unloaded after import = 3
========================================================================
Received Import Request.
  Time since last request: 0.429210 seconds.
  path: Assets/PlayerAnim/Cha_Ani_Airdameged/Cha_Ani_Airdameged_2.png
  artifactKey: Guid(84c38dfb409426046a24cc382a90750e) Importer(815301076,1909f56bfc062723c751e8b465ee728b)
Start importing Assets/PlayerAnim/Cha_Ani_Airdameged/Cha_Ani_Airdameged_2.png using Guid(84c38dfb409426046a24cc382a90750e) Importer(815301076,1909f56bfc062723c751e8b465ee728b)  -> (artifact id: '214ac676fa3180dfcea3aa19bfff3650') in 0.014091 seconds
Number of updated asset objects reloaded before import = 0
Number of asset objects unloaded after import = 3
========================================================================
Received Import Request.
  Time since last request: 15.729786 seconds.
  path: Assets/PlayerAnim/Cha_Ani_Attack
  artifactKey: Guid(cc6ccbda4aa8ba446bbdd30ad618b058) Importer(815301076,1909f56bfc062723c751e8b465ee728b)
Start importing Assets/PlayerAnim/Cha_Ani_Attack using Guid(cc6ccbda4aa8ba446bbdd30ad618b058) Importer(815301076,1909f56bfc062723c751e8b465ee728b)  -> (artifact id: '0142fcecaf48503a86092e89a97e3945') in 0.000443 seconds
Number of updated asset objects reloaded before import = 0
Number of asset objects unloaded after import = 0
========================================================================
Received Import Request.
  Time since last request: 0.979680 seconds.
  path: Assets/PlayerAnim/Cha_Ani_Attack/Attack_0.anim
  artifactKey: Guid(8f01da466689e1343be7616c190ec40c) Importer(815301076,1909f56bfc062723c751e8b465ee728b)
Start importing Assets/PlayerAnim/Cha_Ani_Attack/Attack_0.anim using Guid(8f01da466689e1343be7616c190ec40c) Importer(815301076,1909f56bfc062723c751e8b465ee728b)  -> (artifact id: '019f368e91f97473d804fd17e6d7fac1') in 0.001274 seconds
Number of updated asset objects reloaded before import = 0
Number of asset objects unloaded after import = 1
========================================================================
Received Import Request.
  Time since last request: 9.413660 seconds.
  path: Assets/PlayerAnim/Cha_Ani_Attack/Attack_2.anim
  artifactKey: Guid(5609ed87a011c1a458b9ef3d1ff38f59) Importer(815301076,1909f56bfc062723c751e8b465ee728b)
Start importing Assets/PlayerAnim/Cha_Ani_Attack/Attack_2.anim using Guid(5609ed87a011c1a458b9ef3d1ff38f59) Importer(815301076,1909f56bfc062723c751e8b465ee728b)  -> (artifact id: 'ff8ddd3d8c15f573d80a98d35bb29818') in 0.001319 seconds
Number of updated asset objects reloaded before import = 0
Number of asset objects unloaded after import = 1
========================================================================
Received Import Request.
  Time since last request: 1.086579 seconds.
  path: Assets/PlayerAnim/Cha_Ani_Damaged
  artifactKey: Guid(2eb290f5194028a4ba77c8190058b5c6) Importer(815301076,1909f56bfc062723c751e8b465ee728b)
Start importing Assets/PlayerAnim/Cha_Ani_Damaged using Guid(2eb290f5194028a4ba77c8190058b5c6) Importer(815301076,1909f56bfc062723c751e8b465ee728b)  -> (artifact id: '5387b0229b7efb8e20e099757a04b164') in 0.000389 seconds
Number of updated asset objects reloaded before import = 0
Number of asset objects unloaded after import = 0
========================================================================
Received Import Request.
  Time since last request: 1.153248 seconds.
  path: Assets/PlayerAnim/Cha_Ani_Damaged/Dameged.anim
  artifactKey: Guid(7102cae0c9563704784391380b865576) Importer(815301076,1909f56bfc062723c751e8b465ee728b)
Start importing Assets/PlayerAnim/Cha_Ani_Damaged/Dameged.anim using Guid(7102cae0c9563704784391380b865576) Importer(815301076,1909f56bfc062723c751e8b465ee728b)  -> (artifact id: '101a247f4f68cdde4f0f4d0b7d92fa1c') in 0.000953 seconds
Number of updated asset objects reloaded before import = 0
Number of asset objects unloaded after import = 1
========================================================================
Received Import Request.
  Time since last request: 1.303091 seconds.
  path: Assets/PlayerAnim/Cha_Ani_Death
  artifactKey: Guid(cee84034c426bc443a377c90c54ea8cb) Importer(815301076,1909f56bfc062723c751e8b465ee728b)
Start importing Assets/PlayerAnim/Cha_Ani_Death using Guid(cee84034c426bc443a377c90c54ea8cb) Importer(815301076,1909f56bfc062723c751e8b465ee728b)  -> (artifact id: '6a5cc95ea75ab63aa63bc2b600dac41b') in 0.000385 seconds
Number of updated asset objects reloaded before import = 0
Number of asset objects unloaded after import = 0
========================================================================
Received Import Request.
  Time since last request: 1.013849 seconds.
  path: Assets/PlayerAnim/Cha_Ani_Death/Cha_Ani_Death.anim
  artifactKey: Guid(177e180e7e3cd0f4b8138d55238c0060) Importer(815301076,1909f56bfc062723c751e8b465ee728b)
Start importing Assets/PlayerAnim/Cha_Ani_Death/Cha_Ani_Death.anim using Guid(177e180e7e3cd0f4b8138d55238c0060) Importer(815301076,1909f56bfc062723c751e8b465ee728b)  -> (artifact id: '95e5bba3b8ed8ec9745d88a97f0fc388') in 0.000968 seconds
Number of updated asset objects reloaded before import = 0
Number of asset objects unloaded after import = 1
========================================================================
Received Import Request.
  Time since last request: 1.804508 seconds.
  path: Assets/PlayerAnim/Cha_Ani_DoubleJump
  artifactKey: Guid(b7afacf25fa73ea48a02204e5c993ea1) Importer(815301076,1909f56bfc062723c751e8b465ee728b)
Start importing Assets/PlayerAnim/Cha_Ani_DoubleJump using Guid(b7afacf25fa73ea48a02204e5c993ea1) Importer(815301076,1909f56bfc062723c751e8b465ee728b)  -> (artifact id: '5e4adb26d51ee0a2cd77138b5dc7fafb') in 0.000469 seconds
Number of updated asset objects reloaded before import = 0
Number of asset objects unloaded after import = 0
========================================================================
Received Import Request.
  Time since last request: 0.755893 seconds.
  path: Assets/PlayerAnim/Cha_Ani_DoubleJump/Cha_Ani_Doublejump_5.png
  artifactKey: Guid(251745c2583ac0b4b968651d55e554cc) Importer(815301076,1909f56bfc062723c751e8b465ee728b)
Start importing Assets/PlayerAnim/Cha_Ani_DoubleJump/Cha_Ani_Doublejump_5.png using Guid(251745c2583ac0b4b968651d55e554cc) Importer(815301076,1909f56bfc062723c751e8b465ee728b)  -> (artifact id: 'fd430b7d1429ebd8559f6eaf0ded7651') in 0.013595 seconds
Number of updated asset objects reloaded before import = 0
Number of asset objects unloaded after import = 3
========================================================================
Received Import Request.
  Time since last request: 0.298476 seconds.
  path: Assets/PlayerAnim/Cha_Ani_DoubleJump/DoubleJump.anim
  artifactKey: Guid(2e7276ff0dde5aa44bdd3c8f9b5b0ff6) Importer(815301076,1909f56bfc062723c751e8b465ee728b)
Start importing Assets/PlayerAnim/Cha_Ani_DoubleJump/DoubleJump.anim using Guid(2e7276ff0dde5aa44bdd3c8f9b5b0ff6) Importer(815301076,1909f56bfc062723c751e8b465ee728b)  -> (artifact id: '9bfe72793532f4e9991e41f5a28ab4d1') in 0.001125 seconds
Number of updated asset objects reloaded before import = 0
Number of asset objects unloaded after import = 1
========================================================================
Received Import Request.
  Time since last request: 1.068007 seconds.
  path: Assets/PlayerAnim/Cha_Ani_Fall
  artifactKey: Guid(d0fb338c2b5b9da43aa7f10b4d88d646) Importer(815301076,1909f56bfc062723c751e8b465ee728b)
Start importing Assets/PlayerAnim/Cha_Ani_Fall using Guid(d0fb338c2b5b9da43aa7f10b4d88d646) Importer(815301076,1909f56bfc062723c751e8b465ee728b)  -> (artifact id: '1f7a2f1c15dc34586c84fcc75de3f101') in 0.000374 seconds
Number of updated asset objects reloaded before import = 0
Number of asset objects unloaded after import = 0
========================================================================
Received Import Request.
  Time since last request: 1.020214 seconds.
  path: Assets/PlayerAnim/Cha_Ani_Fall/Fall.anim
  artifactKey: Guid(d65d67721c6c6244da215093473ddc8b) Importer(815301076,1909f56bfc062723c751e8b465ee728b)
Start importing Assets/PlayerAnim/Cha_Ani_Fall/Fall.anim using Guid(d65d67721c6c6244da215093473ddc8b) Importer(815301076,1909f56bfc062723c751e8b465ee728b)  -> (artifact id: '605d222c4262d6a798a1021c86437c16') in 0.000958 seconds
Number of updated asset objects reloaded before import = 0
Number of asset objects unloaded after import = 1
========================================================================
Received Import Request.
  Time since last request: 0.866364 seconds.
  path: Assets/PlayerAnim/Cha_Ani_Healing
  artifactKey: Guid(95818e109f89ca341b6ad4be13baab7a) Importer(815301076,1909f56bfc062723c751e8b465ee728b)
Start importing Assets/PlayerAnim/Cha_Ani_Healing using Guid(95818e109f89ca341b6ad4be13baab7a) Importer(815301076,1909f56bfc062723c751e8b465ee728b)  -> (artifact id: '920be83298d14c8e71bc4f2cd18dad12') in 0.000544 seconds
Number of updated asset objects reloaded before import = 0
Number of asset objects unloaded after import = 0
========================================================================
Received Import Request.
  Time since last request: 1.134747 seconds.
  path: Assets/PlayerAnim/Cha_Ani_Healing/Healing.anim
  artifactKey: Guid(d79dbad0c38bab0439c736f40a459659) Importer(815301076,1909f56bfc062723c751e8b465ee728b)
Start importing Assets/PlayerAnim/Cha_Ani_Healing/Healing.anim using Guid(d79dbad0c38bab0439c736f40a459659) Importer(815301076,1909f56bfc062723c751e8b465ee728b)  -> (artifact id: 'fce9ed642782572a087db91ed25bd10d') in 0.001015 seconds
Number of updated asset objects reloaded before import = 0
Number of asset objects unloaded after import = 1
========================================================================
Received Import Request.
  Time since last request: 0.854547 seconds.
  path: Assets/PlayerAnim/Cha_Ani_Idle
  artifactKey: Guid(ec46b71a155e5054f86b16030b6c5fec) Importer(815301076,1909f56bfc062723c751e8b465ee728b)
Start importing Assets/PlayerAnim/Cha_Ani_Idle using Guid(ec46b71a155e5054f86b16030b6c5fec) Importer(815301076,1909f56bfc062723c751e8b465ee728b)  -> (artifact id: 'fe89b7089545463640d9730766c77d91') in 0.000473 seconds
Number of updated asset objects reloaded before import = 0
Number of asset objects unloaded after import = 0
========================================================================
Received Import Request.
  Time since last request: 0.920598 seconds.
  path: Assets/PlayerAnim/Cha_Ani_Idle/Idle.anim
  artifactKey: Guid(8785295226463c14c819b4192305f8d9) Importer(815301076,1909f56bfc062723c751e8b465ee728b)
Start importing Assets/PlayerAnim/Cha_Ani_Idle/Idle.anim using Guid(8785295226463c14c819b4192305f8d9) Importer(815301076,1909f56bfc062723c751e8b465ee728b)  -> (artifact id: '2ae913c78ec24f4e7a5959aa86f882d1') in 0.001011 seconds
Number of updated asset objects reloaded before import = 0
Number of asset objects unloaded after import = 1
========================================================================
Received Import Request.
  Time since last request: 1.021604 seconds.
  path: Assets/PlayerAnim/Cha_Ani_Jump
  artifactKey: Guid(99cf20d5da6ce3d42a3212fd2ac1a3d0) Importer(815301076,1909f56bfc062723c751e8b465ee728b)
Start importing Assets/PlayerAnim/Cha_Ani_Jump using Guid(99cf20d5da6ce3d42a3212fd2ac1a3d0) Importer(815301076,1909f56bfc062723c751e8b465ee728b)  -> (artifact id: '65244d81f3b999de4c423f807cac50ae') in 0.000408 seconds
Number of updated asset objects reloaded before import = 0
Number of asset objects unloaded after import = 0
========================================================================
Received Import Request.
  Time since last request: 0.661160 seconds.
  path: Assets/PlayerAnim/Cha_Ani_Jump/Jump.anim
  artifactKey: Guid(9b8f57a70e8b0254395c6578fab782c3) Importer(815301076,1909f56bfc062723c751e8b465ee728b)
Start importing Assets/PlayerAnim/Cha_Ani_Jump/Jump.anim using Guid(9b8f57a70e8b0254395c6578fab782c3) Importer(815301076,1909f56bfc062723c751e8b465ee728b)  -> (artifact id: '7a06058ebecc6d12b909af4a03d71cbf') in 0.000904 seconds
Number of updated asset objects reloaded before import = 0
Number of asset objects unloaded after import = 1
========================================================================
Received Import Request.
  Time since last request: 1.018221 seconds.
  path: Assets/PlayerAnim/Cha_Ani_Move
  artifactKey: Guid(107ba4919bca60d4783fd446b2b80820) Importer(815301076,1909f56bfc062723c751e8b465ee728b)
Start importing Assets/PlayerAnim/Cha_Ani_Move using Guid(107ba4919bca60d4783fd446b2b80820) Importer(815301076,1909f56bfc062723c751e8b465ee728b)  -> (artifact id: '1c32fdec500b973d6f8316ae85f9b7ab') in 0.000379 seconds
Number of updated asset objects reloaded before import = 0
Number of asset objects unloaded after import = 0
========================================================================
Received Import Request.
  Time since last request: 0.775181 seconds.
  path: Assets/PlayerAnim/Cha_Ani_Move/Move.anim
  artifactKey: Guid(a0ee2da61b082bb4288ba7a148d897cf) Importer(815301076,1909f56bfc062723c751e8b465ee728b)
Start importing Assets/PlayerAnim/Cha_Ani_Move/Move.anim using Guid(a0ee2da61b082bb4288ba7a148d897cf) Importer(815301076,1909f56bfc062723c751e8b465ee728b)  -> (artifact id: '27e226bf3c4e4888a8f5d1522271c334') in 0.001022 seconds
Number of updated asset objects reloaded before import = 0
Number of asset objects unloaded after import = 1
========================================================================
Received Import Request.
  Time since last request: 0.865664 seconds.
  path: Assets/PlayerAnim/Cha_Ani_Skill
  artifactKey: Guid(90662833490b9c44185df93f2cc1f991) Importer(815301076,1909f56bfc062723c751e8b465ee728b)
Start importing Assets/PlayerAnim/Cha_Ani_Skill using Guid(90662833490b9c44185df93f2cc1f991) Importer(815301076,1909f56bfc062723c751e8b465ee728b)  -> (artifact id: 'b8017df55426f1ae3b8ef63f02ebbbcb') in 0.000392 seconds
Number of updated asset objects reloaded before import = 0
Number of asset objects unloaded after import = 0
========================================================================
Received Import Request.
  Time since last request: 1.007209 seconds.
  path: Assets/PlayerAnim/Cha_Ani_Skill/Skill.anim
  artifactKey: Guid(4d4ff20dabe67de459ad48601d8a59b9) Importer(815301076,1909f56bfc062723c751e8b465ee728b)
Start importing Assets/PlayerAnim/Cha_Ani_Skill/Skill.anim using Guid(4d4ff20dabe67de459ad48601d8a59b9) Importer(815301076,1909f56bfc062723c751e8b465ee728b)  -> (artifact id: '7692482fe2038f86d82211ef1b30f096') in 0.000950 seconds
Number of updated asset objects reloaded before import = 0
Number of asset objects unloaded after import = 1
========================================================================
Received Import Request.
  Time since last request: 0.757548 seconds.
  path: Assets/PlayerAnim/Cha_Ani_Start
  artifactKey: Guid(04b852fce541c6e42b5c8be1668d5db1) Importer(815301076,1909f56bfc062723c751e8b465ee728b)
Start importing Assets/PlayerAnim/Cha_Ani_Start using Guid(04b852fce541c6e42b5c8be1668d5db1) Importer(815301076,1909f56bfc062723c751e8b465ee728b)  -> (artifact id: '9d35c37fc167dc0315139e17647ff295') in 0.000383 seconds
Number of updated asset objects reloaded before import = 0
Number of asset objects unloaded after import = 0
========================================================================
Received Import Request.
  Time since last request: 0.960055 seconds.
  path: Assets/PlayerAnim/Cha_Ani_Start/Start.anim
  artifactKey: Guid(4e9eaef80c74be142b11fa304bb54033) Importer(815301076,1909f56bfc062723c751e8b465ee728b)
Start importing Assets/PlayerAnim/Cha_Ani_Start/Start.anim using Guid(4e9eaef80c74be142b11fa304bb54033) Importer(815301076,1909f56bfc062723c751e8b465ee728b)  -> (artifact id: '99998904cbc2dc5eddedf51f3975daaa') in 0.001021 seconds
Number of updated asset objects reloaded before import = 0
Number of asset objects unloaded after import = 1
========================================================================
Received Import Request.
  Time since last request: 2.282225 seconds.
  path: Assets/PlayerAnim/Cha_Ani_Victory
  artifactKey: Guid(afb4858cdabc5b944a6d767da0d4ee51) Importer(815301076,1909f56bfc062723c751e8b465ee728b)
Start importing Assets/PlayerAnim/Cha_Ani_Victory using Guid(afb4858cdabc5b944a6d767da0d4ee51) Importer(815301076,1909f56bfc062723c751e8b465ee728b)  -> (artifact id: '7950bd0a697257f61f61827952b34761') in 0.000373 seconds
Number of updated asset objects reloaded before import = 0
Number of asset objects unloaded after import = 0
========================================================================
Received Import Request.
  Time since last request: 1.089585 seconds.
  path: Assets/PlayerAnim/Cha_Ani_Victory/Victory.anim
  artifactKey: Guid(33335b1012aed05429f5e28008cf80b1) Importer(815301076,1909f56bfc062723c751e8b465ee728b)
Start importing Assets/PlayerAnim/Cha_Ani_Victory/Victory.anim using Guid(33335b1012aed05429f5e28008cf80b1) Importer(815301076,1909f56bfc062723c751e8b465ee728b)  -> (artifact id: 'c26dc966aa681e9130ebc2f5f56bdf47') in 0.000970 seconds
Number of updated asset objects reloaded before import = 0
Number of asset objects unloaded after import = 1
========================================================================
Received Import Request.
  Time since last request: 11.022360 seconds.
  path: Assets/Animator/UI
  artifactKey: Guid(14d3d61f87318334abdb70e914af2413) Importer(815301076,1909f56bfc062723c751e8b465ee728b)
Start importing Assets/Animator/UI using Guid(14d3d61f87318334abdb70e914af2413) Importer(815301076,1909f56bfc062723c751e8b465ee728b)  -> (artifact id: '77919523cd687ae6caaa9e4cc4cb81c3') in 0.000360 seconds
Number of updated asset objects reloaded before import = 0
Number of asset objects unloaded after import = 0
========================================================================
Received Import Request.
  Time since last request: 1.705544 seconds.
  path: Assets/Animator/Default_Animator.controller
  artifactKey: Guid(8066d3ea61baf1844838a889a0546371) Importer(815301076,1909f56bfc062723c751e8b465ee728b)
Start importing Assets/Animator/Default_Animator.controller using Guid(8066d3ea61baf1844838a889a0546371) Importer(815301076,1909f56bfc062723c751e8b465ee728b)  -> (artifact id: '28a18d8c5f1d8a342128bd4d157ea03f') in 0.001249 seconds
Number of updated asset objects reloaded before import = 0
Number of asset objects unloaded after import = 10
========================================================================
Received Import Request.
  Time since last request: 38.724791 seconds.
  path: Assets/Art
  artifactKey: Guid(5b436a8bd2299ef429cb7626f32e8c26) Importer(815301076,1909f56bfc062723c751e8b465ee728b)
Start importing Assets/Art using Guid(5b436a8bd2299ef429cb7626f32e8c26) Importer(815301076,1909f56bfc062723c751e8b465ee728b)  -> (artifact id: 'ae4e0ceb42ae4e3b7999da7dede9e807') in 0.000403 seconds
Number of updated asset objects reloaded before import = 0
Number of asset objects unloaded after import = 0
========================================================================
Received Import Request.
  Time since last request: 4.985004 seconds.
  path: Assets/Art/Image
  artifactKey: Guid(b74f02e65c0cdbe468bff9202c0a5c4e) Importer(815301076,1909f56bfc062723c751e8b465ee728b)
Start importing Assets/Art/Image using Guid(b74f02e65c0cdbe468bff9202c0a5c4e) Importer(815301076,1909f56bfc062723c751e8b465ee728b)  -> (artifact id: 'cff5045ba4a8d54c561eb56bca7700ae') in 0.000366 seconds
Number of updated asset objects reloaded before import = 0
Number of asset objects unloaded after import = 0
========================================================================
Received Import Request.
  Time since last request: 13.665776 seconds.
  path: Assets/Art/Image/Player
  artifactKey: Guid(33678ff0a38a1584cb270340d7621f7f) Importer(815301076,1909f56bfc062723c751e8b465ee728b)
Start importing Assets/Art/Image/Player using Guid(33678ff0a38a1584cb270340d7621f7f) Importer(815301076,1909f56bfc062723c751e8b465ee728b)  -> (artifact id: '0d5c82cefaef94243a92261251611b8e') in 0.000365 seconds
Number of updated asset objects reloaded before import = 0
Number of asset objects unloaded after import = 0
